Arguments: 
  /home/davig/.nvm/versions/node/v12.18.1/bin/node /usr/share/yarn/bin/yarn.js add expo-cli -g

PATH: 
  /home/davig/.nvm/versions/node/v12.18.1/bin:/home/davig/.zinit/polaris/bin:/home/davig/.local/bin:/usr/local/sbin:/usr/local/bin:/usr/sbin:/usr/bin:/sbin:/bin:/usr/games:/usr/local/games:/snap/bin:/home/davig/Android/Sdk/emulator:/home/davig/Android/Sdk/tools:/home/davig/Android/Sdk/tools/bin:/home/davig/Android/Sdk/platform-tools

Yarn version: 
  1.22.4

Node version: 
  12.18.1

Platform: 
  linux x64

Trace: 
  Error: ENOENT: no such file or directory, open '/home/davig/.cache/yarn/v6/npm-@expo-traveling-fastlane-linux-1.15.1-3b77e3a3d490cbe59fbcffd155068e267c2e95c8-integrity/node_modules/@expo/traveling-fastlane-linux/.yarn-metadata.json'

npm manifest: 
  {
    "main": "node_modules/expo/AppEntry.js",
    "scripts": {
      "start": "expo start",
      "android": "expo start --android",
      "ios": "expo start --ios",
      "web": "expo start --web",
      "eject": "expo eject"
    },
    "dependencies": {
      "@expo-google-fonts/open-sans": "^0.1.0",
      "@expo-google-fonts/roboto": "^0.1.0",
      "@react-native-community/masked-view": "0.1.10",
      "@react-navigation/native": "^5.6.1",
      "@react-navigation/stack": "^5.6.2",
      "expo": "~38.0.8",
      "expo-status-bar": "^1.0.2",
      "react": "~16.11.0",
      "react-dom": "~16.11.0",
      "react-native": "https://github.com/expo/react-native/archive/sdk-38.0.1.tar.gz",
      "react-native-gesture-handler": "~1.6.0",
      "react-native-paper": "^4.0.1",
      "react-native-screens": "~2.9.0",
      "react-native-splash-screen": "^3.2.0",
      "react-native-web": "~0.11.7",
      "styled-components": "^5.1.1"
    },
    "devDependencies": {
      "@babel/core": "^7.8.6",
      "@types/react": "~16.9.41",
      "@types/react-native": "~0.62.13",
      "@types/styled-components": "^5.1.0",
      "@typescript-eslint/eslint-plugin": "^3.7.0",
      "@typescript-eslint/parser": "^3.7.0",
      "eslint": "^7.5.0",
      "eslint-config-airbnb": "^18.2.0",
      "eslint-plugin-import": "^2.22.0",
      "eslint-plugin-jsx-a11y": "^6.3.1",
      "eslint-plugin-react": "^7.20.3",
      "eslint-plugin-react-hooks": "^4.0.8",
      "typescript": "~3.9.5"
    },
    "private": true
  }

yarn manifest: 
  No manifest

Lockfile: 
  No lockfile
